0 info it worked if it ends with ok
1 verbose cli [ '/usr/local/bin/node', '/usr/local/bin/npm', 'publish' ]
2 info using npm@3.6.0
3 info using node@v5.6.0
4 verbose publish [ '.' ]
5 silly cache add args [ '.', null ]
6 verbose cache add spec .
7 silly cache add parsed spec Result {
7 silly cache add   raw: '.',
7 silly cache add   scope: null,
7 silly cache add   name: null,
7 silly cache add   rawSpec: '.',
7 silly cache add   spec: '/Users/Christoper/Node/file-manager',
7 silly cache add   type: 'directory' }
8 verbose addLocalDirectory /Users/Christoper/.npm/file-manager/1.0.0/package.tgz not in flight; packing
9 verbose correctMkdir /Users/Christoper/.npm correctMkdir not in flight; initializing
10 info lifecycle file-manager@1.0.0~prepublish: file-manager@1.0.0
11 silly lifecycle file-manager@1.0.0~prepublish: no script for prepublish, continuing
12 verbose tar pack [ '/Users/Christoper/.npm/file-manager/1.0.0/package.tgz',
12 verbose tar pack   '/Users/Christoper/Node/file-manager' ]
13 verbose tarball /Users/Christoper/.npm/file-manager/1.0.0/package.tgz
14 verbose folder /Users/Christoper/Node/file-manager
15 verbose addLocalTarball adding from inside cache /Users/Christoper/.npm/file-manager/1.0.0/package.tgz
16 verbose correctMkdir /Users/Christoper/.npm correctMkdir not in flight; initializing
17 silly cache afterAdd file-manager@1.0.0
18 verbose afterAdd /Users/Christoper/.npm/file-manager/1.0.0/package/package.json not in flight; writing
19 verbose correctMkdir /Users/Christoper/.npm correctMkdir not in flight; initializing
20 verbose afterAdd /Users/Christoper/.npm/file-manager/1.0.0/package/package.json written
21 silly publish { name: 'file-manager',
21 silly publish   version: '1.0.0',
21 silly publish   description: 'Node.js save and remove files never been this easy',
21 silly publish   main: 'index.js',
21 silly publish   scripts: { test: 'echo "Error: no test specified" && exit 1' },
21 silly publish   author: { name: 'Christoper Glenn Wulur' },
21 silly publish   license: 'MIT',
21 silly publish   gitHead: '8f4b1c610372e7befefb6b40e2b14e9414d2edbc',
21 silly publish   readme: 'ERROR: No README data found!',
21 silly publish   _id: 'file-manager@1.0.0',
21 silly publish   _shasum: '31bc490afbcd3a9a701ee2f4616e98880675f50a',
21 silly publish   _from: '.' }
22 verbose getPublishConfig undefined
23 silly mapToRegistry name file-manager
24 silly mapToRegistry using default registry
25 silly mapToRegistry registry https://registry.npmjs.org/
26 silly mapToRegistry uri https://registry.npmjs.org/file-manager
27 verbose publish registryBase https://registry.npmjs.org/
28 silly publish uploading /Users/Christoper/.npm/file-manager/1.0.0/package.tgz
29 verbose request uri https://registry.npmjs.org/file-manager
30 verbose request sending authorization for write operation
31 info attempt registry request try #1 at 4:37:04 PM
32 verbose request using bearer token for auth
33 verbose request id 434285c8ae747eee
34 http request PUT https://registry.npmjs.org/file-manager
35 http 403 https://registry.npmjs.org/file-manager
36 verbose headers { 'content-type': 'application/json',
36 verbose headers   'cache-control': 'max-age=300',
36 verbose headers   'content-length': '106',
36 verbose headers   'accept-ranges': 'bytes',
36 verbose headers   date: 'Sun, 01 May 2016 09:37:06 GMT',
36 verbose headers   via: '1.1 varnish',
36 verbose headers   connection: 'keep-alive',
36 verbose headers   'x-served-by': 'cache-sin6927-SIN',
36 verbose headers   'x-cache': 'MISS',
36 verbose headers   'x-cache-hits': '0',
36 verbose headers   'x-timer': 'S1462095425.448844,VS0,VE845',
36 verbose headers   vary: 'Accept-Encoding' }
37 verbose request invalidating /Users/Christoper/.npm/registry.npmjs.org/file-manager on PUT
38 error publish Failed PUT 403
39 verbose stack Error: you do not have permission to publish "file-manager". Are you logged in as the correct user? : file-manager
39 verbose stack     at makeError (/usr/local/lib/node_modules/npm/node_modules/npm-registry-client/lib/request.js:264:12)
39 verbose stack     at CachingRegistryClient.<anonymous> (/usr/local/lib/node_modules/npm/node_modules/npm-registry-client/lib/request.js:252:14)
39 verbose stack     at Request._callback (/usr/local/lib/node_modules/npm/node_modules/npm-registry-client/lib/request.js:172:14)
39 verbose stack     at Request.self.callback (/usr/local/lib/node_modules/npm/node_modules/request/request.js:198:22)
39 verbose stack     at emitTwo (events.js:100:13)
39 verbose stack     at Request.emit (events.js:185:7)
39 verbose stack     at Request.<anonymous> (/usr/local/lib/node_modules/npm/node_modules/request/request.js:1035:10)
39 verbose stack     at emitOne (events.js:95:20)
39 verbose stack     at Request.emit (events.js:182:7)
39 verbose stack     at IncomingMessage.<anonymous> (/usr/local/lib/node_modules/npm/node_modules/request/request.js:962:12)
40 verbose statusCode 403
41 verbose pkgid file-manager
42 verbose cwd /Users/Christoper/Node/file-manager
43 error Darwin 14.5.0
44 error argv "/usr/local/bin/node" "/usr/local/bin/npm" "publish"
45 error node v5.6.0
46 error npm  v3.6.0
47 error code E403
48 error you do not have permission to publish "file-manager". Are you logged in as the correct user? : file-manager
49 error If you need help, you may report this error at:
49 error     <https://github.com/npm/npm/issues>
50 verbose exit [ 1, true ]
